[I 2026-06-21 16:57:21.437 ServerApp] jupyter_lsp | extension was successfully linked.
[I 2026-06-21 16:57:21.445 ServerApp] jupyter_server_terminals | extension was successfully linked.
[I 2026-06-21 16:57:21.460 ServerApp] jupyterlab | extension was successfully linked.
[I 2026-06-21 16:57:22.597 ServerApp] notebook_shim | extension was successfully linked.
[I 2026-06-21 16:57:22.698 ServerApp] notebook_shim | extension was successfully loaded.
[I 2026-06-21 16:57:22.709 ServerApp] jupyter_lsp | extension was successfully loaded.
[I 2026-06-21 16:57:22.712 ServerApp] jupyter_server_terminals | extension was successfully loaded.
[I 2026-06-21 16:57:22.732 LabApp] JupyterLab extension loaded from /home/rahul-changezi/mypython/tx_monitoring/testenv/lib/python3.12/site-packages/jupyterlab
[I 2026-06-21 16:57:22.733 LabApp] JupyterLab application directory is /home/rahul-changezi/mypython/tx_monitoring/testenv/share/jupyter/lab
[I 2026-06-21 16:57:22.737 LabApp] Extension Manager is 'pypi'.
[I 2026-06-21 16:57:23.082 ServerApp] jupyterlab | extension was successfully loaded.
[I 2026-06-21 16:57:23.083 ServerApp] Serving notebooks from local directory: /home/rahul-changezi/mypython/tx_monitoring
[I 2026-06-21 16:57:23.084 ServerApp] Jupyter Server 2.19.0 is running at:
[I 2026-06-21 16:57:23.084 ServerApp] http://rahul-changezi:8888/lab?token=055bd40e9e0f51e6de346e88d1cc31909aa15305ea7ae5a6
[I 2026-06-21 16:57:23.084 ServerApp]     http://127.0.0.1:8888/lab?token=055bd40e9e0f51e6de346e88d1cc31909aa15305ea7ae5a6
[I 2026-06-21 16:57:23.084 ServerApp] Use Control-C to stop this server and shut down all kernels (twice to skip confirmation).
[C 2026-06-21 16:57:23.092 ServerApp] 
    
    To access the server, open this file in a browser:
        file:///home/rahul-changezi/snap/code/243/.local/share/jupyter/runtime/jpserver-2302469-open.html
    Or copy and paste one of these URLs:
        http://rahul-changezi:8888/lab?token=055bd40e9e0f51e6de346e88d1cc31909aa15305ea7ae5a6
        http://127.0.0.1:8888/lab?token=055bd40e9e0f51e6de346e88d1cc31909aa15305ea7ae5a6
[I 2026-06-21 16:57:23.217 ServerApp] Skipped non-installed server(s): basedpyright, bash-language-server, dockerfile-language-server-nodejs, javascript-typescript-langserver, jedi-language-server, julia-language-server, pyrefly, pyright, python-language-server, python-lsp-server, r-languageserver, sql-language-server, texlab, typescript-language-server, unified-language-server, vscode-css-languageserver-bin, vscode-html-languageserver-bin, vscode-json-languageserver-bin, yaml-language-server
[I 2026-06-21 16:57:48.314 LabApp] 302 GET /lab (@127.0.0.1) 3.14ms
[W 2026-06-21 16:57:57.906 LabApp] Could not determine jupyterlab build status without nodejs
[I 2026-06-21 16:57:59.974 ServerApp] Kernel started: 5933e6c6-0750-421e-b448-30f1489c5111
[IPKernelApp] WARNING | Kernel is running over TCP without encryption. All communication (including code and outputs) is sent in plain text and is susceptible to eavesdropping. Use IPC transport or launch with kernel manager-provisioned CurveZMQ keys to enable transport encryption.
[I 2026-06-21 16:58:01.535 ServerApp] Adapting from protocol version 5.3 (kernel 5933e6c6-0750-421e-b448-30f1489c5111) to 5.4 (client).
[I 2026-06-21 16:58:01.543 ServerApp] Connecting to kernel 5933e6c6-0750-421e-b448-30f1489c5111.
[W 2026-06-21 16:58:01.555 ServerApp] The websocket_ping_timeout (90000) cannot be longer than the websocket_ping_interval (30000).
    Setting websocket_ping_timeout=30000
[I 2026-06-21 16:58:01.573 ServerApp] Adapting from protocol version 5.3 (kernel 5933e6c6-0750-421e-b448-30f1489c5111) to 5.4 (client).
[I 2026-06-21 16:58:01.584 ServerApp] Connecting to kernel 5933e6c6-0750-421e-b448-30f1489c5111.
[I 2026-06-21 16:58:01.611 ServerApp] Adapting from protocol version 5.3 (kernel 5933e6c6-0750-421e-b448-30f1489c5111) to 5.4 (client).
[I 2026-06-21 16:58:01.626 ServerApp] Connecting to kernel 5933e6c6-0750-421e-b448-30f1489c5111.
[W 2026-06-21 16:58:01.770 ServerApp] Got events for closed stream <zmq.eventloop.zmqstream.ZMQStream object at 0x774cd2007c50>
[I 2026-06-21 19:26:54.503 ServerApp] Starting buffering for 5933e6c6-0750-421e-b448-30f1489c5111:563a954d-0b3a-46db-9bb7-513ea3c81edc
[I 2026-06-21 19:26:54.558 ServerApp] Adapting from protocol version 5.3 (kernel 5933e6c6-0750-421e-b448-30f1489c5111) to 5.4 (client).
[I 2026-06-21 19:26:54.561 ServerApp] Connecting to kernel 5933e6c6-0750-421e-b448-30f1489c5111.
[I 2026-06-21 19:26:54.565 ServerApp] Restoring connection for 5933e6c6-0750-421e-b448-30f1489c5111:563a954d-0b3a-46db-9bb7-513ea3c81edc
[I 2026-06-22 00:18:43.226 ServerApp] Starting buffering for 5933e6c6-0750-421e-b448-30f1489c5111:563a954d-0b3a-46db-9bb7-513ea3c81edc
[I 2026-06-22 00:18:43.405 ServerApp] Adapting from protocol version 5.3 (kernel 5933e6c6-0750-421e-b448-30f1489c5111) to 5.4 (client).
[I 2026-06-22 00:18:43.409 ServerApp] Connecting to kernel 5933e6c6-0750-421e-b448-30f1489c5111.
[I 2026-06-22 00:18:43.410 ServerApp] Restoring connection for 5933e6c6-0750-421e-b448-30f1489c5111:563a954d-0b3a-46db-9bb7-513ea3c81edc
[I 2026-06-22 11:40:40.986 ServerApp] Starting buffering for 5933e6c6-0750-421e-b448-30f1489c5111:563a954d-0b3a-46db-9bb7-513ea3c81edc
[I 2026-06-22 11:40:41.060 ServerApp] Adapting from protocol version 5.3 (kernel 5933e6c6-0750-421e-b448-30f1489c5111) to 5.4 (client).
[I 2026-06-22 11:40:41.061 ServerApp] Connecting to kernel 5933e6c6-0750-421e-b448-30f1489c5111.
[I 2026-06-22 11:40:41.064 ServerApp] Restoring connection for 5933e6c6-0750-421e-b448-30f1489c5111:563a954d-0b3a-46db-9bb7-513ea3c81edc
[I 2026-06-22 16:39:06.432 ServerApp] Starting buffering for 5933e6c6-0750-421e-b448-30f1489c5111:563a954d-0b3a-46db-9bb7-513ea3c81edc
